#
# A fatal error has been detected by the Java Runtime Environment:
#
#  SIGSEGV (0xb) at pc=0x0104f762, pid=3271, tid=2470398832
#
# JRE version: 6.0-b16
# Java VM: OpenJDK Client VM (14.0-b16 mixed mode linux-x86 )
# Distribution: Ubuntu 9.10, package 6b16-1.6.1-3ubuntu3
# Problematic frame:
# V  [libjvm.so+0x2fc762]
#
# If you would like to submit a bug report, please include
# instructions how to reproduce the bug and visit:
#   https://bugs.launchpad.net/ubuntu/+source/openjdk-6/
#

---------------  T H R E A D  ---------------

Current thread (0x09d19800):  JavaThread "CompilerThread0" daemon [_thread_in_vm, id=3277, stack(0x93374000,0x933f5000)]

siginfo:si_signo=SIGSEGV: si_errno=0, si_code=1 (SEGV_MAPERR), si_addr=0x00000010

Registers:
EAX=0x00000000, EBX=0x0115eff4, ECX=0x0115eff4, EDX=0x00000480
ESP=0x933f38f0, EBP=0x933f38f8, ESI=0x00000480, EDI=0x933f39f0
EIP=0x0104f762, CR2=0x00000010, EFLAGS=0x00210286

Top of Stack: (sp=0x933f38f0)
0x933f38f0:   0115eff4 933f39ac 933f3918 0104f7bf
0x933f3900:   00000480 01182760 00000000 0104f78a
0x933f3910:   0115eff4 933f3980 933f3958 01050065
0x933f3920:   933f39ac 933f39ac 015fdbe7 015fdbe7
0x933f3930:   933f3980 933f39f0 933f3958 933f39ac
0x933f3940:   933f39ac 01182760 933f3cf0 0115eff4
0x933f3950:   933f3980 933f39f0 933f39d8 00e62ec5
0x933f3960:   933f3980 933f3cf0 933f39f0 00000000 

Instructions: (pc=0x0104f762)
0x0104f752:   39 c6 7d 1a 83 ec 0c 56 e8 71 72 02 00 83 c4 10
0x0104f762:   8b 40 10 8d 65 f8 5b 5e 5d c3 8d 74 26 00 8d 65 

Stack: [0x93374000,0x933f5000],  sp=0x933f38f0,  free space=510k
Native frames: (J=compiled Java code, j=interpreted, Vv=VM code, C=native code)
V  [libjvm.so+0x2fc762]
V  [libjvm.so+0x2fc7bf]
V  [libjvm.so+0x2fd065]
V  [libjvm.so+0x10fec5]
V  [libjvm.so+0x110821]
V  [libjvm.so+0x10d88f]
V  [libjvm.so+0x10da6b]
V  [libjvm.so+0x10e521]
V  [libjvm.so+0xcad81]
V  [libjvm.so+0xcae22]
V  [libjvm.so+0x37537]
V  [libjvm.so+0x74120]
V  [libjvm.so+0x740d7]
V  [libjvm.so+0x120842]
V  [libjvm.so+0x120f77]
V  [libjvm.so+0x3620b8]
V  [libjvm.so+0x36701c]
V  [libjvm.so+0x3670da]
V  [libjvm.so+0x2c6291]
C  [libpthread.so.0+0x580e]


Current CompileTask:
C1:  1      java.lang.String.hashCode()I (60 bytes)


---------------  P R O C E S S  ---------------

Java Threads: ( => current thread )
  0x93200c00 JavaThread "Low Memory Detector" daemon [_thread_blocked, id=3278, stack(0x93323000,0x93374000)]
=>0x09d19800 JavaThread "CompilerThread0" daemon [_thread_in_vm, id=3277, stack(0x93374000,0x933f5000)]
  0x09d18000 JavaThread "Signal Dispatcher" daemon [_thread_blocked, id=3276, stack(0x933f5000,0x93446000)]
  0x09d07400 JavaThread "Finalizer" daemon [_thread_blocked, id=3275, stack(0x93485000,0x934d6000)]
  0x09d02800 JavaThread "Reference Handler" daemon [_thread_blocked, id=3274, stack(0x934d6000,0x93527000)]
  0x09cae000 JavaThread "main" [_thread_in_vm, id=3272, stack(0xb7773000,0xb77c4000)]

Other Threads:
  0x09cff800 VMThread [stack: 0x93527000,0x935a8000] [id=3273]
  0x93202c00 WatcherThread [stack: 0x9317f000,0x93200000] [id=3279]

VM state:not at safepoint (normal execution)

VM Mutex/Monitor currently owned by a thread:  ([mutex/lock_event])
[0x09cab410] CodeCache_lock - owner thread: 0x09d19800
[0x09cac1e0] AdapterHandlerLibrary_lock - owner thread: 0x09cae000

Heap
 def new generation   total 960K, used 182K [0x93770000, 0x93870000, 0x95ed0000)
  eden space 896K,  20% used [0x93770000, 0x9379d8a0, 0x93850000)
  from space 64K,   0% used [0x93850000, 0x93850000, 0x93860000)
  to   space 64K,   0% used [0x93860000, 0x93860000, 0x93870000)
 tenured generation   total 4096K, used 0K [0x95ed0000, 0x962d0000, 0xb3770000)
   the space 4096K,   0% used [0x95ed0000, 0x95ed0000, 0x95ed0200, 0x962d0000)
 compacting perm gen  total 12288K, used 1645K [0xb3770000, 0xb4370000, 0xb7770000)
   the space 12288K,  13% used [0xb3770000, 0xb390b5e0, 0xb390b600, 0xb4370000)
No shared spaces configured.

Dynamic libraries:
00110000-0011c000 r-xp 00000000 08:01 420619     /usr/lib/jvm/java-6-openjdk/jre/lib/i386/libverify.so
0011c000-0011d000 r--p 0000b000 08:01 420619     /usr/lib/jvm/java-6-openjdk/jre/lib/i386/libverify.so
0011d000-0011e000 rw-p 0000c000 08:01 420619     /usr/lib/jvm/java-6-openjdk/jre/lib/i386/libverify.so
0011e000-00142000 r-xp 00000000 08:01 420603     /usr/lib/jvm/java-6-openjdk/jre/lib/i386/libjava.so
00142000-00143000 r--p 00023000 08:01 420603     /usr/lib/jvm/java-6-openjdk/jre/lib/i386/libjava.so
00143000-00145000 rw-p 00024000 08:01 420603     /usr/lib/jvm/java-6-openjdk/jre/lib/i386/libjava.so
0015c000-00171000 r-xp 00000000 08:01 190003     /lib/tls/i686/cmov/libpthread-2.10.1.so
00171000-00172000 r--p 00014000 08:01 190003     /lib/tls/i686/cmov/libpthread-2.10.1.so
00172000-00173000 rw-p 00015000 08:01 190003     /lib/tls/i686/cmov/libpthread-2.10.1.so
00173000-00175000 rw-p 00000000 00:00 0 
00218000-00221000 r-xp 00000000 08:01 189996     /lib/tls/i686/cmov/libnss_nis-2.10.1.so
00221000-00222000 r--p 00008000 08:01 189996     /lib/tls/i686/cmov/libnss_nis-2.10.1.so
00222000-00223000 rw-p 00009000 08:01 189996     /lib/tls/i686/cmov/libnss_nis-2.10.1.so
00271000-00274000 r-xp 00000000 08:01 420591     /usr/lib/jvm/java-6-openjdk/jre/lib/i386/jli/libjli.so
00274000-00275000 r--p 00003000 08:01 420591     /usr/lib/jvm/java-6-openjdk/jre/lib/i386/jli/libjli.so
00275000-00276000 rw-p 00004000 08:01 420591     /usr/lib/jvm/java-6-openjdk/jre/lib/i386/jli/libjli.so
00276000-003b4000 r-xp 00000000 08:01 186523     /lib/tls/i686/cmov/libc-2.10.1.so
003b4000-003b5000 ---p 0013e000 08:01 186523     /lib/tls/i686/cmov/libc-2.10.1.so
003b5000-003b7000 r--p 0013e000 08:01 186523     /lib/tls/i686/cmov/libc-2.10.1.so
003b7000-003b8000 rw-p 00140000 08:01 186523     /lib/tls/i686/cmov/libc-2.10.1.so
003b8000-003bb000 rw-p 00000000 00:00 0 
00425000-00438000 r-xp 00000000 08:01 188817     /lib/tls/i686/cmov/libnsl-2.10.1.so
00438000-00439000 r--p 00012000 08:01 188817     /lib/tls/i686/cmov/libnsl-2.10.1.so
00439000-0043a000 rw-p 00013000 08:01 188817     /lib/tls/i686/cmov/libnsl-2.10.1.so
0043a000-0043c000 rw-p 00000000 00:00 0 
00476000-0049a000 r-xp 00000000 08:01 187673     /lib/tls/i686/cmov/libm-2.10.1.so
0049a000-0049b000 r--p 00023000 08:01 187673     /lib/tls/i686/cmov/libm-2.10.1.so
0049b000-0049c000 rw-p 00024000 08:01 187673     /lib/tls/i686/cmov/libm-2.10.1.so
0049c000-0049d000 rwxp 00000000 00:00 0 
0049d000-004af000 rwxp 00000000 00:00 0 
004af000-004b2000 rwxp 00000000 00:00 0 
004b2000-0059c000 rwxp 00000000 00:00 0 
0059c000-005a2000 rwxp 00000000 00:00 0 
005a2000-005bc000 rwxp 00000000 00:00 0 
005bc000-005c0000 rwxp 00000000 00:00 0 
005c0000-006aa000 rwxp 00000000 00:00 0 
00713000-00719000 r-xp 00000000 08:01 188860     /lib/tls/i686/cmov/libnss_compat-2.10.1.so
00719000-0071a000 r--p 00005000 08:01 188860     /lib/tls/i686/cmov/libnss_compat-2.10.1.so
0071a000-0071b000 rw-p 00006000 08:01 188860     /lib/tls/i686/cmov/libnss_compat-2.10.1.so
0072a000-0072c000 rwxp 00000000 00:00 0 
0072c000-007aa000 rwxp 00000000 00:00 0 
007e4000-007f8000 r-xp 00000000 08:01 674        /lib/libz.so.1.2.3.3
007f8000-007f9000 r--p 00013000 08:01 674        /lib/libz.so.1.2.3.3
007f9000-007fa000 rw-p 00014000 08:01 674        /lib/libz.so.1.2.3.3
008bd000-008c4000 r-xp 00000000 08:01 420620     /usr/lib/jvm/java-6-openjdk/jre/lib/i386/libzip.so
008c4000-008c5000 r--p 00006000 08:01 420620     /usr/lib/jvm/java-6-openjdk/jre/lib/i386/libzip.so
008c5000-008c6000 rw-p 00007000 08:01 420620     /usr/lib/jvm/java-6-openjdk/jre/lib/i386/libzip.so
009b8000-009bf000 r-xp 00000000 08:01 190021     /lib/tls/i686/cmov/librt-2.10.1.so
009bf000-009c0000 r--p 00006000 08:01 190021     /lib/tls/i686/cmov/librt-2.10.1.so
009c0000-009c1000 rw-p 00007000 08:01 190021     /lib/tls/i686/cmov/librt-2.10.1.so
00b23000-00b3e000 r-xp 00000000 08:01 717        /lib/ld-2.10.1.so
00b3e000-00b3f000 r--p 0001a000 08:01 717        /lib/ld-2.10.1.so
00b3f000-00b40000 rw-p 0001b000 08:01 717        /lib/ld-2.10.1.so
00bbb000-00bc5000 r-xp 00000000 08:01 189053     /lib/tls/i686/cmov/libnss_files-2.10.1.so
00bc5000-00bc6000 r--p 00009000 08:01 189053     /lib/tls/i686/cmov/libnss_files-2.10.1.so
00bc6000-00bc7000 rw-p 0000a000 08:01 189053     /lib/tls/i686/cmov/libnss_files-2.10.1.so
00be9000-00bf0000 r-xp 00000000 08:01 420622     /usr/lib/jvm/java-6-openjdk/jre/lib/i386/native_threads/libhpi.so
00bf0000-00bf1000 r--p 00006000 08:01 420622     /usr/lib/jvm/java-6-openjdk/jre/lib/i386/native_threads/libhpi.so
00bf1000-00bf2000 rw-p 00007000 08:01 420622     /usr/lib/jvm/java-6-openjdk/jre/lib/i386/native_threads/libhpi.so
00cdd000-00cde000 r-xp 00000000 00:00 0          [vdso]
00cfb000-00d02000 rwxp 00000000 00:00 0 
00d02000-00d1c000 rwxp 00000000 00:00 0 
00d4f000-00d51000 r-xp 00000000 08:01 187511     /lib/tls/i686/cmov/libdl-2.10.1.so
00d51000-00d52000 r--p 00001000 08:01 187511     /lib/tls/i686/cmov/libdl-2.10.1.so
00d52000-00d53000 rw-p 00002000 08:01 187511     /lib/tls/i686/cmov/libdl-2.10.1.so
00d53000-01148000 r-xp 00000000 08:01 420586     /usr/lib/jvm/java-6-openjdk/jre/lib/i386/client/libjvm.so
01148000-01149000 ---p 003f5000 08:01 420586     /usr/lib/jvm/java-6-openjdk/jre/lib/i386/client/libjvm.so
01149000-0115f000 r--p 003f5000 08:01 420586     /usr/lib/jvm/java-6-openjdk/jre/lib/i386/client/libjvm.so
0115f000-0116b000 rw-p 0040b000 08:01 420586     /usr/lib/jvm/java-6-openjdk/jre/lib/i386/client/libjvm.so
0116b000-0158b000 rw-p 00000000 00:00 0 
0158b000-01603000 rwxp 00000000 00:00 0 
01603000-0358b000 rwxp 00000000 00:00 0 
08048000-08051000 r-xp 00000000 08:01 422204     /usr/lib/jvm/java-6-openjdk/jre/bin/java
08051000-08052000 r--p 00008000 08:01 422204     /usr/lib/jvm/java-6-openjdk/jre/bin/java
08052000-08053000 rw-p 00009000 08:01 422204     /usr/lib/jvm/java-6-openjdk/jre/bin/java
09ca8000-09d2d000 rw-p 00000000 00:00 0          [heap]
9317f000-93180000 ---p 00000000 00:00 0 
93180000-93200000 rw-p 00000000 00:00 0 
93200000-93221000 rw-p 00000000 00:00 0 
93221000-93300000 ---p 00000000 00:00 0 
93323000-93326000 ---p 00000000 00:00 0 
93326000-93374000 rw-p 00000000 00:00 0 
93374000-93377000 ---p 00000000 00:00 0 
93377000-933f5000 rw-p 00000000 00:00 0 
933f5000-933f8000 ---p 00000000 00:00 0 
933f8000-93446000 rw-p 00000000 00:00 0 
93446000-93485000 r--p 00000000 08:01 395483     /usr/lib/locale/en_IN/LC_CTYPE
93485000-93488000 ---p 00000000 00:00 0 
93488000-934d6000 rw-p 00000000 00:00 0 
934d6000-934d9000 ---p 00000000 00:00 0 
934d9000-93527000 rw-p 00000000 00:00 0 
93527000-93528000 ---p 00000000 00:00 0 
93528000-935db000 rw-p 00000000 00:00 0 
935db000-93770000 r--s 038eb000 08:01 420581     /usr/lib/jvm/java-6-openjdk/jre/lib/rt.jar
93770000-93870000 rwxp 00000000 00:00 0 
93870000-95ed0000 rwxp 00000000 00:00 0 
95ed0000-962d0000 rwxp 00000000 00:00 0 
962d0000-b3770000 rwxp 00000000 00:00 0 
b3770000-b4370000 rwxp 00000000 00:00 0 
b4370000-b7770000 rwxp 00000000 00:00 0 
b7773000-b7776000 ---p 00000000 00:00 0 
b7776000-b77c7000 rw-p 00000000 00:00 0 
b77d1000-b77d9000 rw-s 00000000 08:01 1481045    /tmp/hsperfdata_root/3271
b77d9000-b77da000 rw-p 00000000 00:00 0 
b77da000-b77db000 r--p 00000000 00:00 0 
b77db000-b77dd000 rw-p 00000000 00:00 0 
bf935000-bf94b000 rw-p 00000000 00:00 0          [stack]

VM Arguments:
jvm_args: -Xbootclasspath:/usr/lib/jvm/java-6-openjdk/jre/lib/rt.jar 
java_command: org.mozilla.javascript.tools.shell.Main /tmp/execjs20110530-2359-16trixa.js
Launcher Type: SUN_STANDARD

Environment Variables:
PATH=/usr/local/rvm/gems/ruby-1.9.2-p180/bin:/usr/local/rvm/gems/ruby-1.9.2-p180@global/bin:/usr/local/rvm/rubies/ruby-1.9.2-p180/bin:/usr/local/rvm/bin:/usr/local/apache2/bin:/usr/local/sbin:/usr/local/bin:/usr/sbin:/usr/bin:/sbin:/bin:/usr/games
USERNAME=root
LD_LIBRARY_PATH=/usr/lib/jvm/java-6-openjdk/jre/lib/i386/client:/usr/lib/jvm/java-6-openjdk/jre/lib/i386:/usr/lib/jvm/java-6-openjdk/jre/../lib/i386
SHELL=/bin/bash
DISPLAY=:0.0

Signal Handlers:
SIGSEGV: [libjvm.so+0x393ce0], sa_mask[0]=0x7ffbfeff, sa_flags=0x10000004
SIGBUS: [libjvm.so+0x393ce0], sa_mask[0]=0x7ffbfeff, sa_flags=0x10000004
SIGFPE: [libjvm.so+0x2c2be0], sa_mask[0]=0x7ffbfeff, sa_flags=0x10000004
SIGPIPE: [libjvm.so+0x2c2be0], sa_mask[0]=0x7ffbfeff, sa_flags=0x10000004
SIGXFSZ: [libjvm.so+0x2c2be0], sa_mask[0]=0x7ffbfeff, sa_flags=0x10000004
SIGILL: [libjvm.so+0x2c2be0], sa_mask[0]=0x7ffbfeff, sa_flags=0x10000004
SIGUSR1: SIG_DFL, sa_mask[0]=0x00000000, sa_flags=0x00000000
SIGUSR2: [libjvm.so+0x2c22c0], sa_mask[0]=0x00000000, sa_flags=0x10000004
SIGHUP: [libjvm.so+0x2c4970], sa_mask[0]=0x7ffbfeff, sa_flags=0x10000004
SIGINT: [libjvm.so+0x2c4970], sa_mask[0]=0x7ffbfeff, sa_flags=0x10000004
SIGTERM: [libjvm.so+0x2c4970], sa_mask[0]=0x7ffbfeff, sa_flags=0x10000004
SIGQUIT: [libjvm.so+0x2c4970], sa_mask[0]=0x7ffbfeff, sa_flags=0x10000004


---------------  S Y S T E M  ---------------

OS:Ubuntu 9.10 (karmic)
uname:Linux 2.6.31-20-generic #58-Ubuntu SMP Fri Mar 12 05:23:09 UTC 2010 i686
libc:glibc 2.10.1 NPTL 2.10.1 
rlimit: STACK 8192k, CORE 0k, NPROC infinity, NOFILE 1024, AS infinity
load average:1.36 0.54 0.29

CPU:total 2 (1 cores per cpu, 2 threads per core) family 15 model 4 stepping 9, cmov, cx8, fxsr, mmx, sse, sse2, sse3, ht

Memory: 4k page, physical 1018012k(13452k free), swap 2980016k(2975900k free)

vm_info: OpenJDK Client VM (14.0-b16) for linux-x86 JRE (1.6.0_0-b16), built on Apr  4 2010 20:02:50 by "buildd" with gcc 4.4.1

time: Mon May 30 11:43:24 2011
elapsed time: 0 seconds

